Flow report for cs701_qsim
Wed May 06 17:06:01 2015
Quartus II Version 11.0 Build 208 07/03/2011 Service Pack 1 SJ Full Version


---------------------
; Table of Contents ;
---------------------
  1. Legal Notice
  2. Flow Summary
  3. Flow Settings
  4. Flow Non-Default Global Settings
  5. Flow Elapsed Time
  6. Flow OS Summary
  7. Flow Log



----------------
; Legal Notice ;
----------------
Copyright (C) 1991-2011 Altera Corporation
Your use of Altera Corporation's design tools, logic functions 
and other software and tools, and its AMPP partner logic 
functions, and any output files from any of the foregoing 
(including device programming or simulation files), and any 
associated documentation or information are expressly subject 
to the terms and conditions of the Altera Program License 
Subscription Agreement, Altera MegaCore Function License 
Agreement, or other applicable license agreement, including, 
without limitation, that your use is for the sole purpose of 
programming logic devices manufactured by Altera and sold by 
Altera or its authorized distributors.  Please refer to the 
applicable agreement for further details.



+-------------------------------------------------------------------------------------+
; Flow Summary                                                                        ;
+------------------------------------+------------------------------------------------+
; Flow Status                        ; Successful - Wed May 06 17:06:01 2015          ;
; Quartus II Version                 ; 11.0 Build 208 07/03/2011 SP 1 SJ Full Version ;
; Revision Name                      ; cs701_qsim                                     ;
; Top-level Entity Name              ; Processor                                      ;
; Family                             ; Cyclone III                                    ;
; Total logic elements               ; 716 / 55,856 ( 1 % )                           ;
;     Total combinational functions  ; 683 / 55,856 ( 1 % )                           ;
;     Dedicated logic registers      ; 140 / 55,856 ( < 1 % )                         ;
; Total registers                    ; 140                                            ;
; Total pins                         ; 52 / 328 ( 16 % )                              ;
; Total virtual pins                 ; 0                                              ;
; Total memory bits                  ; 2,097,664 / 2,396,160 ( 88 % )                 ;
; Embedded Multiplier 9-bit elements ; 0 / 312 ( 0 % )                                ;
; Total PLLs                         ; 0 / 4 ( 0 % )                                  ;
; Device                             ; EP3C55F484C6                                   ;
; Timing Models                      ; Final                                          ;
+------------------------------------+------------------------------------------------+


+-----------------------------------------+
; Flow Settings                           ;
+-------------------+---------------------+
; Option            ; Setting             ;
+-------------------+---------------------+
; Start date & time ; 05/06/2015 17:05:18 ;
; Main task         ; Compilation         ;
; Revision Name     ; cs701_qsim          ;
+-------------------+---------------------+


+------------------------------------------------------------------------------------------------------------------+
; Flow Non-Default Global Settings                                                                                 ;
+-------------------------------------+---------------------------------+---------------+-------------+------------+
; Assignment Name                     ; Value                           ; Default Value ; Entity Name ; Section Id ;
+-------------------------------------+---------------------------------+---------------+-------------+------------+
; COMPILER_SIGNATURE_ID               ; 145320951928294.143088871803448 ; --            ; --          ; --         ;
; MAX_CORE_JUNCTION_TEMP              ; 85                              ; --            ; --          ; --         ;
; MIN_CORE_JUNCTION_TEMP              ; 0                               ; --            ; --          ; --         ;
; PARTITION_COLOR                     ; 16764057                        ; --            ; Processor   ; Top        ;
; PARTITION_FITTER_PRESERVATION_LEVEL ; PLACEMENT_AND_ROUTING           ; --            ; Processor   ; Top        ;
; PARTITION_NETLIST_TYPE              ; SOURCE                          ; --            ; Processor   ; Top        ;
; TOP_LEVEL_ENTITY                    ; Processor                       ; cs701_qsim    ; --          ; --         ;
+-------------------------------------+---------------------------------+---------------+-------------+------------+


+-------------------------------------------------------------------------------------------------------------------------------+
; Flow Elapsed Time                                                                                                             ;
+---------------------------+--------------+-------------------------+---------------------+------------------------------------+
; Module Name               ; Elapsed Time ; Average Processors Used ; Peak Virtual Memory ; Total CPU Time (on all processors) ;
+---------------------------+--------------+-------------------------+---------------------+------------------------------------+
; Analysis & Synthesis      ; 00:00:14     ; 1.0                     ; 372 MB              ; 00:00:12                           ;
; Fitter                    ; 00:00:20     ; 1.6                     ; 469 MB              ; 00:00:21                           ;
; TimeQuest Timing Analyzer ; 00:00:06     ; 1.3                     ; 336 MB              ; 00:00:07                           ;
; Assembler                 ; 00:00:06     ; 1.0                     ; 382 MB              ; 00:00:05                           ;
; Total                     ; 00:00:40     ; --                      ; --                  ; 00:00:40                           ;
+---------------------------+--------------+-------------------------+---------------------+------------------------------------+


+----------------------------------------------------------------------------------------+
; Flow OS Summary                                                                        ;
+---------------------------+------------------+-----------+------------+----------------+
; Module Name               ; Machine Hostname ; OS Name   ; OS Version ; Processor type ;
+---------------------------+------------------+-----------+------------+----------------+
; Analysis & Synthesis      ; EN-280623        ; Windows 7 ; 6.1        ; x86_64         ;
; Fitter                    ; EN-280623        ; Windows 7 ; 6.1        ; x86_64         ;
; Assembler                 ; EN-280623        ; Windows 7 ; 6.1        ; x86_64         ;
; TimeQuest Timing Analyzer ; EN-280623        ; Windows 7 ; 6.1        ; x86_64         ;
+---------------------------+------------------+-----------+------------+----------------+


------------
; Flow Log ;
------------
quartus_map --read_settings_files=on --write_settings_files=off cs701 -c cs701_qsim
quartus_fit --read_settings_files=off --write_settings_files=off cs701 -c cs701_qsim
quartus_asm --read_settings_files=off --write_settings_files=off cs701 -c cs701_qsim
quartus_sta cs701 -c cs701_qsim



