Analysis & Synthesis report for cs701
Wed May 06 12:15:45 2015
Quartus II 32-bit Version 12.0 Build 263 08/02/2012 Service Pack 2 SJ Web Edition


---------------------
; Table of Contents ;
---------------------
  1. Legal Notice
  2. Analysis & Synthesis Summary
  3. Analysis & Synthesis Settings
  4. Parallel Compilation
  5. State Machine - |Processor|CONTROLUNIT:inst1|STATE
  6. Source assignments for Datapath:inst|RF:b2v_RF_inst|altsyncram:DATA_MEM[0][15]__1|altsyncram_e0h1:auto_generated
  7. Source assignments for Datapath:inst|RF:b2v_RF_inst|altsyncram:DATA_MEM[0][15]__2|altsyncram_e0h1:auto_generated
  8. Parameter Settings for User Entity Instance: Datapath:inst|RF:b2v_RF_inst|altsyncram:DATA_MEM[0][15]__1
  9. Parameter Settings for User Entity Instance: Datapath:inst|RF:b2v_RF_inst|altsyncram:DATA_MEM[0][15]__2
 10. altsyncram Parameter Settings by Entity Instance
 11. Port Connectivity Checks: "Datapath:inst|Mux8:b2v_RF_MUX"
 12. Port Connectivity Checks: "Datapath:inst|RF:b2v_RF_inst"
 13. Port Connectivity Checks: "Datapath:inst|Mux4:b2v_MUX_A"
 14. Port Connectivity Checks: "Datapath:inst|prog_mem:b2v_inst2"
 15. Port Connectivity Checks: "Datapath:inst|Mux4:b2v_DPCR_MUX"
 16. Port Connectivity Checks: "Datapath:inst|Mux4:b2v_DM_DATA_MUX"
 17. Port Connectivity Checks: "Datapath:inst|register_32:b2v_DCPR_reg"
 18. Elapsed Time Per Partition
 19. Analysis & Synthesis Messages



----------------
; Legal Notice ;
----------------
Copyright (C) 1991-2012 Altera Corporation
Your use of Altera Corporation's design tools, logic functions 
and other software and tools, and its AMPP partner logic 
functions, and any output files from any of the foregoing 
(including device programming or simulation files), and any 
associated documentation or information are expressly subject 
to the terms and conditions of the Altera Program License 
Subscription Agreement, Altera MegaCore Function License 
Agreement, or other applicable license agreement, including, 
without limitation, that your use is for the sole purpose of 
programming logic devices manufactured by Altera and sold by 
Altera or its authorized distributors.  Please refer to the 
applicable agreement for further details.



+------------------------------------------------------------------------------------+
; Analysis & Synthesis Summary                                                       ;
+------------------------------------+-----------------------------------------------+
; Analysis & Synthesis Status        ; Failed - Wed May 06 12:15:45 2015             ;
; Quartus II 32-bit Version          ; 12.0 Build 263 08/02/2012 SP 2 SJ Web Edition ;
; Revision Name                      ; cs701                                         ;
; Top-level Entity Name              ; Processor                                     ;
; Family                             ; Cyclone IV GX                                 ;
; Total logic elements               ; N/A until Partition Merge                     ;
;     Total combinational functions  ; N/A until Partition Merge                     ;
;     Dedicated logic registers      ; N/A until Partition Merge                     ;
; Total registers                    ; N/A until Partition Merge                     ;
; Total pins                         ; N/A until Partition Merge                     ;
; Total virtual pins                 ; N/A until Partition Merge                     ;
; Total memory bits                  ; N/A until Partition Merge                     ;
; Embedded Multiplier 9-bit elements ; N/A until Partition Merge                     ;
; Total GXB Receiver Channel PCS     ; N/A until Partition Merge                     ;
; Total GXB Receiver Channel PMA     ; N/A until Partition Merge                     ;
; Total GXB Transmitter Channel PCS  ; N/A until Partition Merge                     ;
; Total GXB Transmitter Channel PMA  ; N/A until Partition Merge                     ;
; Total PLLs                         ; N/A until Partition Merge                     ;
+------------------------------------+-----------------------------------------------+


+----------------------------------------------------------------------------------------------------------------------+
; Analysis & Synthesis Settings                                                                                        ;
+----------------------------------------------------------------------------+--------------------+--------------------+
; Option                                                                     ; Setting            ; Default Value      ;
+----------------------------------------------------------------------------+--------------------+--------------------+
; Top-level entity name                                                      ; Processor          ; cs701              ;
; Family name                                                                ; Cyclone IV GX      ; Cyclone IV GX      ;
; Use smart compilation                                                      ; Off                ; Off                ;
; Enable parallel Assembler and TimeQuest Timing Analyzer during compilation ; On                 ; On                 ;
; Enable compact report table                                                ; Off                ; Off                ;
; Restructure Multiplexers                                                   ; Auto               ; Auto               ;
; Create Debugging Nodes for IP Cores                                        ; Off                ; Off                ;
; Preserve fewer node names                                                  ; On                 ; On                 ;
; Disable OpenCore Plus hardware evaluation                                  ; Off                ; Off                ;
; Verilog Version                                                            ; Verilog_2001       ; Verilog_2001       ;
; VHDL Version                                                               ; VHDL_1993          ; VHDL_1993          ;
; State Machine Processing                                                   ; Auto               ; Auto               ;
; Safe State Machine                                                         ; Off                ; Off                ;
; Extract Verilog State Machines                                             ; On                 ; On                 ;
; Extract VHDL State Machines                                                ; On                 ; On                 ;
; Ignore Verilog initial constructs                                          ; Off                ; Off                ;
; Iteration limit for constant Verilog loops                                 ; 5000               ; 5000               ;
; Iteration limit for non-constant Verilog loops                             ; 250                ; 250                ;
; Add Pass-Through Logic to Inferred RAMs                                    ; On                 ; On                 ;
; Infer RAMs from Raw Logic                                                  ; On                 ; On                 ;
; Parallel Synthesis                                                         ; On                 ; On                 ;
; DSP Block Balancing                                                        ; Auto               ; Auto               ;
; NOT Gate Push-Back                                                         ; On                 ; On                 ;
; Power-Up Don't Care                                                        ; On                 ; On                 ;
; Remove Redundant Logic Cells                                               ; Off                ; Off                ;
; Remove Duplicate Registers                                                 ; On                 ; On                 ;
; Ignore CARRY Buffers                                                       ; Off                ; Off                ;
; Ignore CASCADE Buffers                                                     ; Off                ; Off                ;
; Ignore GLOBAL Buffers                                                      ; Off                ; Off                ;
; Ignore ROW GLOBAL Buffers                                                  ; Off                ; Off                ;
; Ignore LCELL Buffers                                                       ; Off                ; Off                ;
; Ignore SOFT Buffers                                                        ; On                 ; On                 ;
; Limit AHDL Integers to 32 Bits                                             ; Off                ; Off                ;
; Optimization Technique                                                     ; Balanced           ; Balanced           ;
; Carry Chain Length                                                         ; 70                 ; 70                 ;
; Auto Carry Chains                                                          ; On                 ; On                 ;
; Auto Open-Drain Pins                                                       ; On                 ; On                 ;
; Perform WYSIWYG Primitive Resynthesis                                      ; Off                ; Off                ;
; Auto ROM Replacement                                                       ; On                 ; On                 ;
; Auto RAM Replacement                                                       ; On                 ; On                 ;
; Auto DSP Block Replacement                                                 ; On                 ; On                 ;
; Auto Shift Register Replacement                                            ; Auto               ; Auto               ;
; Allow Shift Register Merging across Hierarchies                            ; Auto               ; Auto               ;
; Auto Clock Enable Replacement                                              ; On                 ; On                 ;
; Strict RAM Replacement                                                     ; Off                ; Off                ;
; Allow Synchronous Control Signals                                          ; On                 ; On                 ;
; Force Use of Synchronous Clear Signals                                     ; Off                ; Off                ;
; Auto RAM Block Balancing                                                   ; On                 ; On                 ;
; Auto RAM to Logic Cell Conversion                                          ; Off                ; Off                ;
; Auto Resource Sharing                                                      ; Off                ; Off                ;
; Allow Any RAM Size For Recognition                                         ; Off                ; Off                ;
; Allow Any ROM Size For Recognition                                         ; Off                ; Off                ;
; Allow Any Shift Register Size For Recognition                              ; Off                ; Off                ;
; Use LogicLock Constraints during Resource Balancing                        ; On                 ; On                 ;
; Ignore translate_off and synthesis_off directives                          ; Off                ; Off                ;
; Timing-Driven Synthesis                                                    ; On                 ; On                 ;
; Report Parameter Settings                                                  ; On                 ; On                 ;
; Report Source Assignments                                                  ; On                 ; On                 ;
; Report Connectivity Checks                                                 ; On                 ; On                 ;
; Ignore Maximum Fan-Out Assignments                                         ; Off                ; Off                ;
; Synchronization Register Chain Length                                      ; 2                  ; 2                  ;
; PowerPlay Power Optimization                                               ; Normal compilation ; Normal compilation ;
; HDL message level                                                          ; Level2             ; Level2             ;
; Suppress Register Optimization Related Messages                            ; Off                ; Off                ;
; Number of Removed Registers Reported in Synthesis Report                   ; 5000               ; 5000               ;
; Number of Swept Nodes Reported in Synthesis Report                         ; 5000               ; 5000               ;
; Number of Inverted Registers Reported in Synthesis Report                  ; 100                ; 100                ;
; Clock MUX Protection                                                       ; On                 ; On                 ;
; Auto Gated Clock Conversion                                                ; Off                ; Off                ;
; Block Design Naming                                                        ; Auto               ; Auto               ;
; SDC constraint protection                                                  ; Off                ; Off                ;
; Synthesis Effort                                                           ; Auto               ; Auto               ;
; Shift Register Replacement - Allow Asynchronous Clear Signal               ; On                 ; On                 ;
; Analysis & Synthesis Message Level                                         ; Medium             ; Medium             ;
; Disable Register Merging Across Hierarchies                                ; Auto               ; Auto               ;
; Resource Aware Inference For Block RAM                                     ; On                 ; On                 ;
; Synthesis Seed                                                             ; 1                  ; 1                  ;
+----------------------------------------------------------------------------+--------------------+--------------------+


Parallel compilation was disabled, but you have multiple processors available. Enable parallel compilation to reduce compilation time.
+-------------------------------------+
; Parallel Compilation                ;
+----------------------------+--------+
; Processors                 ; Number ;
+----------------------------+--------+
; Number detected on machine ; 2      ;
; Maximum allowed            ; 1      ;
+----------------------------+--------+


Encoding Type:  One-Hot
+------------------------------------------------------------------------------------------------------------------------------------------------+
; State Machine - |Processor|CONTROLUNIT:inst1|STATE                                                                                             ;
+-------------+----------+----------+----------+----------+----------+-------------+----------+----------+-------------+------------+------------+
; Name        ; STATE.T3 ; STATE.T2 ; STATE.T1 ; STATE.T0 ; STATE.E2 ; STATE.E1bis ; STATE.E1 ; STATE.E0 ; STATE.TEST2 ; STATE.TEST ; STATE.Init ;
+-------------+----------+----------+----------+----------+----------+-------------+----------+----------+-------------+------------+------------+
; STATE.Init  ; 0        ; 0        ; 0        ; 0        ; 0        ; 0           ; 0        ; 0        ; 0           ; 0          ; 0          ;
; STATE.TEST  ; 0        ; 0        ; 0        ; 0        ; 0        ; 0           ; 0        ; 0        ; 0           ; 1          ; 1          ;
; STATE.TEST2 ; 0        ; 0        ; 0        ; 0        ; 0        ; 0           ; 0        ; 0        ; 1           ; 0          ; 1          ;
; STATE.E0    ; 0        ; 0        ; 0        ; 0        ; 0        ; 0           ; 0        ; 1        ; 0           ; 0          ; 1          ;
; STATE.E1    ; 0        ; 0        ; 0        ; 0        ; 0        ; 0           ; 1        ; 0        ; 0           ; 0          ; 1          ;
; STATE.E1bis ; 0        ; 0        ; 0        ; 0        ; 0        ; 1           ; 0        ; 0        ; 0           ; 0          ; 1          ;
; STATE.E2    ; 0        ; 0        ; 0        ; 0        ; 1        ; 0           ; 0        ; 0        ; 0           ; 0          ; 1          ;
; STATE.T0    ; 0        ; 0        ; 0        ; 1        ; 0        ; 0           ; 0        ; 0        ; 0           ; 0          ; 1          ;
; STATE.T1    ; 0        ; 0        ; 1        ; 0        ; 0        ; 0           ; 0        ; 0        ; 0           ; 0          ; 1          ;
; STATE.T2    ; 0        ; 1        ; 0        ; 0        ; 0        ; 0           ; 0        ; 0        ; 0           ; 0          ; 1          ;
; STATE.T3    ; 1        ; 0        ; 0        ; 0        ; 0        ; 0           ; 0        ; 0        ; 0           ; 0          ; 1          ;
+-------------+----------+----------+----------+----------+----------+-------------+----------+----------+-------------+------------+------------+


+------------------------------------------------------------------------------------------------------------------+
; Source assignments for Datapath:inst|RF:b2v_RF_inst|altsyncram:DATA_MEM[0][15]__1|altsyncram_e0h1:auto_generated ;
+---------------------------------+--------------------+------+----------------------------------------------------+
; Assignment                      ; Value              ; From ; To                                                 ;
+---------------------------------+--------------------+------+----------------------------------------------------+
; OPTIMIZE_POWER_DURING_SYNTHESIS ; NORMAL_COMPILATION ; -    ; -                                                  ;
+---------------------------------+--------------------+------+----------------------------------------------------+


+------------------------------------------------------------------------------------------------------------------+
; Source assignments for Datapath:inst|RF:b2v_RF_inst|altsyncram:DATA_MEM[0][15]__2|altsyncram_e0h1:auto_generated ;
+---------------------------------+--------------------+------+----------------------------------------------------+
; Assignment                      ; Value              ; From ; To                                                 ;
+---------------------------------+--------------------+------+----------------------------------------------------+
; OPTIMIZE_POWER_DURING_SYNTHESIS ; NORMAL_COMPILATION ; -    ; -                                                  ;
+---------------------------------+--------------------+------+----------------------------------------------------+


+---------------------------------------------------------------------------------------------------------+
; Parameter Settings for User Entity Instance: Datapath:inst|RF:b2v_RF_inst|altsyncram:DATA_MEM[0][15]__1 ;
+------------------------------------+----------------------+---------------------------------------------+
; Parameter Name                     ; Value                ; Type                                        ;
+------------------------------------+----------------------+---------------------------------------------+
; BYTE_SIZE_BLOCK                    ; 8                    ; Untyped                                     ;
; AUTO_CARRY_CHAINS                  ; ON                   ; AUTO_CARRY                                  ;
; IGNORE_CARRY_BUFFERS               ; OFF                  ; IGNORE_CARRY                                ;
; AUTO_CASCADE_CHAINS                ; ON                   ; AUTO_CASCADE                                ;
; IGNORE_CASCADE_BUFFERS             ; OFF                  ; IGNORE_CASCADE                              ;
; WIDTH_BYTEENA                      ; 1                    ; Untyped                                     ;
; OPERATION_MODE                     ; DUAL_PORT            ; Untyped                                     ;
; WIDTH_A                            ; 16                   ; Untyped                                     ;
; WIDTHAD_A                          ; 4                    ; Untyped                                     ;
; NUMWORDS_A                         ; 16                   ; Untyped                                     ;
; OUTDATA_REG_A                      ; UNREGISTERED         ; Untyped                                     ;
; ADDRESS_ACLR_A                     ; NONE                 ; Untyped                                     ;
; OUTDATA_ACLR_A                     ; NONE                 ; Untyped                                     ;
; WRCONTROL_ACLR_A                   ; NONE                 ; Untyped                                     ;
; INDATA_ACLR_A                      ; NONE                 ; Untyped                                     ;
; BYTEENA_ACLR_A                     ; NONE                 ; Untyped                                     ;
; WIDTH_B                            ; 16                   ; Untyped                                     ;
; WIDTHAD_B                          ; 4                    ; Untyped                                     ;
; NUMWORDS_B                         ; 16                   ; Untyped                                     ;
; INDATA_REG_B                       ; CLOCK1               ; Untyped                                     ;
; WRCONTROL_WRADDRESS_REG_B          ; CLOCK1               ; Untyped                                     ;
; RDCONTROL_REG_B                    ; CLOCK1               ; Untyped                                     ;
; ADDRESS_REG_B                      ; CLOCK0               ; Untyped                                     ;
; OUTDATA_REG_B                      ; UNREGISTERED         ; Untyped                                     ;
; BYTEENA_REG_B                      ; CLOCK1               ; Untyped                                     ;
; INDATA_ACLR_B                      ; NONE                 ; Untyped                                     ;
; WRCONTROL_ACLR_B                   ; NONE                 ; Untyped                                     ;
; ADDRESS_ACLR_B                     ; NONE                 ; Untyped                                     ;
; OUTDATA_ACLR_B                     ; NONE                 ; Untyped                                     ;
; RDCONTROL_ACLR_B                   ; NONE                 ; Untyped                                     ;
; BYTEENA_ACLR_B                     ; NONE                 ; Untyped                                     ;
; WIDTH_BYTEENA_A                    ; 1                    ; Untyped                                     ;
; WIDTH_BYTEENA_B                    ; 1                    ; Untyped                                     ;
; RAM_BLOCK_TYPE                     ; AUTO                 ; Untyped                                     ;
; BYTE_SIZE                          ; 8                    ; Untyped                                     ;
; READ_DURING_WRITE_MODE_MIXED_PORTS ; OLD_DATA             ; Untyped                                     ;
; READ_DURING_WRITE_MODE_PORT_A      ; NEW_DATA_NO_NBE_READ ; Untyped                                     ;
; READ_DURING_WRITE_MODE_PORT_B      ; NEW_DATA_NO_NBE_READ ; Untyped                                     ;
; INIT_FILE                          ; UNUSED               ; Untyped                                     ;
; INIT_FILE_LAYOUT                   ; PORT_A               ; Untyped                                     ;
; MAXIMUM_DEPTH                      ; 0                    ; Untyped                                     ;
; CLOCK_ENABLE_INPUT_A               ; NORMAL               ; Untyped                                     ;
; CLOCK_ENABLE_INPUT_B               ; NORMAL               ; Untyped                                     ;
; CLOCK_ENABLE_OUTPUT_A              ; NORMAL               ; Untyped                                     ;
; CLOCK_ENABLE_OUTPUT_B              ; NORMAL               ; Untyped                                     ;
; CLOCK_ENABLE_CORE_A                ; USE_INPUT_CLKEN      ; Untyped                                     ;
; CLOCK_ENABLE_CORE_B                ; USE_INPUT_CLKEN      ; Untyped                                     ;
; ENABLE_ECC                         ; FALSE                ; Untyped                                     ;
; ECC_PIPELINE_STAGE_ENABLED         ; FALSE                ; Untyped                                     ;
; WIDTH_ECCSTATUS                    ; 3                    ; Untyped                                     ;
; DEVICE_FAMILY                      ; Cyclone IV GX        ; Untyped                                     ;
; CBXI_PARAMETER                     ; altsyncram_e0h1      ; Untyped                                     ;
+------------------------------------+----------------------+---------------------------------------------+
Note: In order to hide this table in the UI and the text report file, please set the "Show Parameter Settings in Synthesis Report" option in "Analysis and Synthesis Settings -> More Settings" to "Off".


+---------------------------------------------------------------------------------------------------------+
; Parameter Settings for User Entity Instance: Datapath:inst|RF:b2v_RF_inst|altsyncram:DATA_MEM[0][15]__2 ;
+------------------------------------+----------------------+---------------------------------------------+
; Parameter Name                     ; Value                ; Type                                        ;
+------------------------------------+----------------------+---------------------------------------------+
; BYTE_SIZE_BLOCK                    ; 8                    ; Untyped                                     ;
; AUTO_CARRY_CHAINS                  ; ON                   ; AUTO_CARRY                                  ;
; IGNORE_CARRY_BUFFERS               ; OFF                  ; IGNORE_CARRY                                ;
; AUTO_CASCADE_CHAINS                ; ON                   ; AUTO_CASCADE                                ;
; IGNORE_CASCADE_BUFFERS             ; OFF                  ; IGNORE_CASCADE                              ;
; WIDTH_BYTEENA                      ; 1                    ; Untyped                                     ;
; OPERATION_MODE                     ; DUAL_PORT            ; Untyped                                     ;
; WIDTH_A                            ; 16                   ; Untyped                                     ;
; WIDTHAD_A                          ; 4                    ; Untyped                                     ;
; NUMWORDS_A                         ; 16                   ; Untyped                                     ;
; OUTDATA_REG_A                      ; UNREGISTERED         ; Untyped                                     ;
; ADDRESS_ACLR_A                     ; NONE                 ; Untyped                                     ;
; OUTDATA_ACLR_A                     ; NONE                 ; Untyped                                     ;
; WRCONTROL_ACLR_A                   ; NONE                 ; Untyped                                     ;
; INDATA_ACLR_A                      ; NONE                 ; Untyped                                     ;
; BYTEENA_ACLR_A                     ; NONE                 ; Untyped                                     ;
; WIDTH_B                            ; 16                   ; Untyped                                     ;
; WIDTHAD_B                          ; 4                    ; Untyped                                     ;
; NUMWORDS_B                         ; 16                   ; Untyped                                     ;
; INDATA_REG_B                       ; CLOCK1               ; Untyped                                     ;
; WRCONTROL_WRADDRESS_REG_B          ; CLOCK1               ; Untyped                                     ;
; RDCONTROL_REG_B                    ; CLOCK1               ; Untyped                                     ;
; ADDRESS_REG_B                      ; CLOCK0               ; Untyped                                     ;
; OUTDATA_REG_B                      ; UNREGISTERED         ; Untyped                                     ;
; BYTEENA_REG_B                      ; CLOCK1               ; Untyped                                     ;
; INDATA_ACLR_B                      ; NONE                 ; Untyped                                     ;
; WRCONTROL_ACLR_B                   ; NONE                 ; Untyped                                     ;
; ADDRESS_ACLR_B                     ; NONE                 ; Untyped                                     ;
; OUTDATA_ACLR_B                     ; NONE                 ; Untyped                                     ;
; RDCONTROL_ACLR_B                   ; NONE                 ; Untyped                                     ;
; BYTEENA_ACLR_B                     ; NONE                 ; Untyped                                     ;
; WIDTH_BYTEENA_A                    ; 1                    ; Untyped                                     ;
; WIDTH_BYTEENA_B                    ; 1                    ; Untyped                                     ;
; RAM_BLOCK_TYPE                     ; AUTO                 ; Untyped                                     ;
; BYTE_SIZE                          ; 8                    ; Untyped                                     ;
; READ_DURING_WRITE_MODE_MIXED_PORTS ; OLD_DATA             ; Untyped                                     ;
; READ_DURING_WRITE_MODE_PORT_A      ; NEW_DATA_NO_NBE_READ ; Untyped                                     ;
; READ_DURING_WRITE_MODE_PORT_B      ; NEW_DATA_NO_NBE_READ ; Untyped                                     ;
; INIT_FILE                          ; UNUSED               ; Untyped                                     ;
; INIT_FILE_LAYOUT                   ; PORT_A               ; Untyped                                     ;
; MAXIMUM_DEPTH                      ; 0                    ; Untyped                                     ;
; CLOCK_ENABLE_INPUT_A               ; NORMAL               ; Untyped                                     ;
; CLOCK_ENABLE_INPUT_B               ; NORMAL               ; Untyped                                     ;
; CLOCK_ENABLE_OUTPUT_A              ; NORMAL               ; Untyped                                     ;
; CLOCK_ENABLE_OUTPUT_B              ; NORMAL               ; Untyped                                     ;
; CLOCK_ENABLE_CORE_A                ; USE_INPUT_CLKEN      ; Untyped                                     ;
; CLOCK_ENABLE_CORE_B                ; USE_INPUT_CLKEN      ; Untyped                                     ;
; ENABLE_ECC                         ; FALSE                ; Untyped                                     ;
; ECC_PIPELINE_STAGE_ENABLED         ; FALSE                ; Untyped                                     ;
; WIDTH_ECCSTATUS                    ; 3                    ; Untyped                                     ;
; DEVICE_FAMILY                      ; Cyclone IV GX        ; Untyped                                     ;
; CBXI_PARAMETER                     ; altsyncram_e0h1      ; Untyped                                     ;
+------------------------------------+----------------------+---------------------------------------------+
Note: In order to hide this table in the UI and the text report file, please set the "Show Parameter Settings in Synthesis Report" option in "Analysis and Synthesis Settings -> More Settings" to "Off".


+--------------------------------------------------------------------------------------------------------+
; altsyncram Parameter Settings by Entity Instance                                                       ;
+-------------------------------------------+------------------------------------------------------------+
; Name                                      ; Value                                                      ;
+-------------------------------------------+------------------------------------------------------------+
; Number of entity instances                ; 2                                                          ;
; Entity Instance                           ; Datapath:inst|RF:b2v_RF_inst|altsyncram:DATA_MEM[0][15]__1 ;
;     -- OPERATION_MODE                     ; DUAL_PORT                                                  ;
;     -- WIDTH_A                            ; 16                                                         ;
;     -- NUMWORDS_A                         ; 16                                                         ;
;     -- OUTDATA_REG_A                      ; UNREGISTERED                                               ;
;     -- WIDTH_B                            ; 16                                                         ;
;     -- NUMWORDS_B                         ; 16                                                         ;
;     -- ADDRESS_REG_B                      ; CLOCK0                                                     ;
;     -- OUTDATA_REG_B                      ; UNREGISTERED                                               ;
;     -- RAM_BLOCK_TYPE                     ; AUTO                                                       ;
;     -- READ_DURING_WRITE_MODE_MIXED_PORTS ; OLD_DATA                                                   ;
; Entity Instance                           ; Datapath:inst|RF:b2v_RF_inst|altsyncram:DATA_MEM[0][15]__2 ;
;     -- OPERATION_MODE                     ; DUAL_PORT                                                  ;
;     -- WIDTH_A                            ; 16                                                         ;
;     -- NUMWORDS_A                         ; 16                                                         ;
;     -- OUTDATA_REG_A                      ; UNREGISTERED                                               ;
;     -- WIDTH_B                            ; 16                                                         ;
;     -- NUMWORDS_B                         ; 16                                                         ;
;     -- ADDRESS_REG_B                      ; CLOCK0                                                     ;
;     -- OUTDATA_REG_B                      ; UNREGISTERED                                               ;
;     -- RAM_BLOCK_TYPE                     ; AUTO                                                       ;
;     -- READ_DURING_WRITE_MODE_MIXED_PORTS ; OLD_DATA                                                   ;
+-------------------------------------------+------------------------------------------------------------+


+-----------------------------------------------------------+
; Port Connectivity Checks: "Datapath:inst|Mux8:b2v_RF_MUX" ;
+------+-------+----------+---------------------------------+
; Port ; Type  ; Severity ; Details                         ;
+------+-------+----------+---------------------------------+
; in5  ; Input ; Info     ; Stuck at GND                    ;
; in7  ; Input ; Info     ; Stuck at GND                    ;
+------+-------+----------+---------------------------------+


+---------------------------------------------------------------------------------------------------------------------------------------+
; Port Connectivity Checks: "Datapath:inst|RF:b2v_RF_inst"                                                                              ;
+--------+--------+----------+----------------------------------------------------------------------------------------------------------+
; Port   ; Type   ; Severity ; Details                                                                                                  ;
+--------+--------+----------+----------------------------------------------------------------------------------------------------------+
; out_r7 ; Output ; Warning  ; Declared by entity but not connected by instance. Logic that only feeds a dangling port will be removed. ;
+--------+--------+----------+----------------------------------------------------------------------------------------------------------+


+----------------------------------------------------------+
; Port Connectivity Checks: "Datapath:inst|Mux4:b2v_MUX_A" ;
+------------+-------+----------+--------------------------+
; Port       ; Type  ; Severity ; Details                  ;
+------------+-------+----------+--------------------------+
; in2[15..1] ; Input ; Info     ; Stuck at GND             ;
; in2[0]     ; Input ; Info     ; Stuck at VCC             ;
; in3        ; Input ; Info     ; Stuck at GND             ;
+------------+-------+----------+--------------------------+


+--------------------------------------------------------------+
; Port Connectivity Checks: "Datapath:inst|prog_mem:b2v_inst2" ;
+-----------+-------+----------+-------------------------------+
; Port      ; Type  ; Severity ; Details                       ;
+-----------+-------+----------+-------------------------------+
; wren      ; Input ; Info     ; Stuck at GND                  ;
; data      ; Input ; Info     ; Stuck at GND                  ;
; wraddress ; Input ; Info     ; Stuck at GND                  ;
+-----------+-------+----------+-------------------------------+


+-------------------------------------------------------------+
; Port Connectivity Checks: "Datapath:inst|Mux4:b2v_DPCR_MUX" ;
+------+-------+----------+-----------------------------------+
; Port ; Type  ; Severity ; Details                           ;
+------+-------+----------+-----------------------------------+
; in2  ; Input ; Info     ; Stuck at GND                      ;
+------+-------+----------+-----------------------------------+


+----------------------------------------------------------------+
; Port Connectivity Checks: "Datapath:inst|Mux4:b2v_DM_DATA_MUX" ;
+------+-------+----------+--------------------------------------+
; Port ; Type  ; Severity ; Details                              ;
+------+-------+----------+--------------------------------------+
; in3  ; Input ; Info     ; Stuck at GND                         ;
+------+-------+----------+--------------------------------------+


+-------------------------------------------------------------------------------------------------------------------------+
; Port Connectivity Checks: "Datapath:inst|register_32:b2v_DCPR_reg"                                                      ;
+---------------+--------+----------+-------------------------------------------------------------------------------------+
; Port          ; Type   ; Severity ; Details                                                                             ;
+---------------+--------+----------+-------------------------------------------------------------------------------------+
; input[31..16] ; Input  ; Info     ; Stuck at GND                                                                        ;
; output        ; Output ; Info     ; Connected to dangling logic. Logic that only feeds a dangling port will be removed. ;
+---------------+--------+----------+-------------------------------------------------------------------------------------+


+-------------------------------+
; Elapsed Time Per Partition    ;
+----------------+--------------+
; Partition Name ; Elapsed Time ;
+----------------+--------------+
; Top            ; 00:00:00     ;
+----------------+--------------+


+-------------------------------+
; Analysis & Synthesis Messages ;
+-------------------------------+
Info: *******************************************************************
Info: Running Quartus II 32-bit Analysis & Synthesis
    Info: Version 12.0 Build 263 08/02/2012 Service Pack 2 SJ Web Edition
    Info: Processing started: Wed May 06 12:15:36 2015
Info: Command: quartus_map --read_settings_files=on --write_settings_files=off cs701 -c cs701
Warning (20028): Parallel compilation is not licensed and has been disabled
Info (12021): Found 2 design units, including 1 entities, in source file single_register.vhd
    Info (12022): Found design unit 1: single_register-behaviour
    Info (12023): Found entity 1: single_register
Info (12021): Found 2 design units, including 1 entities, in source file registerfile.vhd
    Info (12022): Found design unit 1: RF-behaviour
    Info (12023): Found entity 1: RF
Info (12021): Found 2 design units, including 1 entities, in source file register_er.vhd
    Info (12022): Found design unit 1: register_ER-behaviour
    Info (12023): Found entity 1: register_ER
Info (12021): Found 2 design units, including 1 entities, in source file register_32.vhd
    Info (12022): Found design unit 1: register_32-behaviour
    Info (12023): Found entity 1: register_32
Info (12021): Found 2 design units, including 1 entities, in source file register_1bit.vhd
    Info (12022): Found design unit 1: register_1bit-behaviour
    Info (12023): Found entity 1: register_1bit
Info (12021): Found 2 design units, including 1 entities, in source file prog_mem.vhd
    Info (12022): Found design unit 1: prog_mem-behaviour
    Info (12023): Found entity 1: prog_mem
Info (12021): Found 1 design units, including 1 entities, in source file processor.bdf
    Info (12023): Found entity 1: Processor
Info (12021): Found 2 design units, including 1 entities, in source file pcadd.vhd
    Info (12022): Found design unit 1: PCplus1-behavior
    Info (12023): Found entity 1: PCplus1
Info (12021): Found 2 design units, including 1 entities, in source file mux8.vhd
    Info (12022): Found design unit 1: Mux8-behavior
    Info (12023): Found entity 1: Mux8
Info (12021): Found 2 design units, including 1 entities, in source file mux4.vhd
    Info (12022): Found design unit 1: Mux4-behavior
    Info (12023): Found entity 1: Mux4
Info (12021): Found 2 design units, including 1 entities, in source file mux2.vhd
    Info (12022): Found design unit 1: Mux2-behavior
    Info (12023): Found entity 1: Mux2
Info (12021): Found 2 design units, including 1 entities, in source file max.vhd
    Info (12022): Found design unit 1: MAX-bhvr
    Info (12023): Found entity 1: MAX
Info (12021): Found 2 design units, including 1 entities, in source file instruction_register.vhd
    Info (12022): Found design unit 1: instruction_register-behaviour
    Info (12023): Found entity 1: instruction_register
Info (12021): Found 2 design units, including 1 entities, in source file datapath.vhd
    Info (12022): Found design unit 1: Datapath-bdf_type
    Info (12023): Found entity 1: Datapath
Info (12021): Found 2 design units, including 1 entities, in source file data_mem.vhd
    Info (12022): Found design unit 1: data_mem-behaviour
    Info (12023): Found entity 1: data_mem
Info (12021): Found 2 design units, including 1 entities, in source file controlunit.vhd
    Info (12022): Found design unit 1: CONTROLUNIT-bhvr
    Info (12023): Found entity 1: CONTROLUNIT
Info (12021): Found 2 design units, including 1 entities, in source file alu.vhd
    Info (12022): Found design unit 1: ALU-bhvr
    Info (12023): Found entity 1: ALU
Info (12127): Elaborating entity "Processor" for the top level hierarchy
Warning (275013): Port "CLK" of type Datapath and instance "inst" is missing source signal
Warning (275013): Port "CLK" of type CONTROLUNIT and instance "inst1" is missing source signal
Info (12128): Elaborating entity "Datapath" for hierarchy "Datapath:inst"
Warning (10540): VHDL Signal Declaration warning at Datapath.vhd(194): used explicit default value for signal "const_0" because signal was never assigned a value
Warning (10540): VHDL Signal Declaration warning at Datapath.vhd(195): used explicit default value for signal "const_1" because signal was never assigned a value
Warning (10540): VHDL Signal Declaration warning at Datapath.vhd(196): used explicit default value for signal "const_logic_0" because signal was never assigned a value
Warning (10541): VHDL Signal Declaration warning at Datapath.vhd(197): used implicit default value for signal "r_seven" because signal was never assigned a value or an explicit default value. Use of implicit default value may introduce unintended design optimizations.
Warning (10873): Using initial value X (don't care) for net "DPCR[31..16]" at Datapath.vhd(176)
Info (12128): Elaborating entity "ALU" for hierarchy "Datapath:inst|ALU:b2v_ALU_inst"
Info (12128): Elaborating entity "register_32" for hierarchy "Datapath:inst|register_32:b2v_DCPR_reg"
Info (12128): Elaborating entity "Mux4" for hierarchy "Datapath:inst|Mux4:b2v_DM_DATA_MUX"
Info (12128): Elaborating entity "data_mem" for hierarchy "Datapath:inst|data_mem:b2v_DM_inst"
Info (12128): Elaborating entity "Mux2" for hierarchy "Datapath:inst|Mux2:b2v_DMR_MUX"
Info (12128): Elaborating entity "instruction_register" for hierarchy "Datapath:inst|instruction_register:b2v_inst1"
Info (12128): Elaborating entity "prog_mem" for hierarchy "Datapath:inst|prog_mem:b2v_inst2"
Info (12128): Elaborating entity "PCplus1" for hierarchy "Datapath:inst|PCplus1:b2v_inst4"
Info (12128): Elaborating entity "MAX" for hierarchy "Datapath:inst|MAX:b2v_MAX_inst"
Info (12128): Elaborating entity "single_register" for hierarchy "Datapath:inst|single_register:b2v_PC_REGISTER"
Info (12128): Elaborating entity "RF" for hierarchy "Datapath:inst|RF:b2v_RF_inst"
Info (12128): Elaborating entity "altsyncram" for hierarchy "Datapath:inst|RF:b2v_RF_inst|altsyncram:DATA_MEM[0][15]__1"
Info (12130): Elaborated megafunction instantiation "Datapath:inst|RF:b2v_RF_inst|altsyncram:DATA_MEM[0][15]__1"
Info (12133): Instantiated megafunction "Datapath:inst|RF:b2v_RF_inst|altsyncram:DATA_MEM[0][15]__1" with the following parameter:
    Info (12134): Parameter "OPERATION_MODE" = "DUAL_PORT"
    Info (12134): Parameter "WIDTH_A" = "16"
    Info (12134): Parameter "WIDTHAD_A" = "4"
    Info (12134): Parameter "NUMWORDS_A" = "16"
    Info (12134): Parameter "WIDTH_B" = "16"
    Info (12134): Parameter "WIDTHAD_B" = "4"
    Info (12134): Parameter "NUMWORDS_B" = "16"
    Info (12134): Parameter "ADDRESS_ACLR_A" = "NONE"
    Info (12134): Parameter "OUTDATA_REG_B" = "UNREGISTERED"
    Info (12134): Parameter "ADDRESS_ACLR_B" = "NONE"
    Info (12134): Parameter "OUTDATA_ACLR_B" = "NONE"
    Info (12134): Parameter "ADDRESS_REG_B" = "CLOCK0"
    Info (12134): Parameter "INDATA_ACLR_A" = "NONE"
    Info (12134): Parameter "WRCONTROL_ACLR_A" = "NONE"
    Info (12134): Parameter "READ_DURING_WRITE_MODE_MIXED_PORTS" = "OLD_DATA"
Info (12021): Found 1 design units, including 1 entities, in source file db/altsyncram_e0h1.tdf
    Info (12023): Found entity 1: altsyncram_e0h1
Info (12128): Elaborating entity "altsyncram_e0h1" for hierarchy "Datapath:inst|RF:b2v_RF_inst|altsyncram:DATA_MEM[0][15]__1|altsyncram_e0h1:auto_generated"
Info (12128): Elaborating entity "Mux8" for hierarchy "Datapath:inst|Mux8:b2v_RF_MUX"
Info (12128): Elaborating entity "CONTROLUNIT" for hierarchy "CONTROLUNIT:inst1"
Warning (10541): VHDL Signal Declaration warning at ControlUnit.vhd(13): used implicit default value for signal "mem_sel" because signal was never assigned a value or an explicit default value. Use of implicit default value may introduce unintended design optimizations.
Warning (10541): VHDL Signal Declaration warning at ControlUnit.vhd(13): used implicit default value for signal "WE" because signal was never assigned a value or an explicit default value. Use of implicit default value may introduce unintended design optimizations.
Warning (10492): VHDL Process Statement warning at ControlUnit.vhd(161): signal "DPC" is read inside the Process Statement but isn't in the Process Statement's sensitivity list
Warning (10492): VHDL Process Statement warning at ControlUnit.vhd(161): signal "IRQ" is read inside the Process Statement but isn't in the Process Statement's sensitivity list
Warning (10492): VHDL Process Statement warning at ControlUnit.vhd(163): signal "DPC" is read inside the Process Statement but isn't in the Process Statement's sensitivity list
Warning (10492): VHDL Process Statement warning at ControlUnit.vhd(163): signal "IRQ" is read inside the Process Statement but isn't in the Process Statement's sensitivity list
Warning (10492): VHDL Process Statement warning at ControlUnit.vhd(164): signal "ld_dprr_done" is read inside the Process Statement but isn't in the Process Statement's sensitivity list
Warning (10492): VHDL Process Statement warning at ControlUnit.vhd(168): signal "IRQ" is read inside the Process Statement but isn't in the Process Statement's sensitivity list
Warning (10492): VHDL Process Statement warning at ControlUnit.vhd(168): signal "ld_dprr_done" is read inside the Process Statement but isn't in the Process Statement's sensitivity list
Warning (10492): VHDL Process Statement warning at ControlUnit.vhd(175): signal "HP" is read inside the Process Statement but isn't in the Process Statement's sensitivity list
Warning (10492): VHDL Process Statement warning at ControlUnit.vhd(175): signal "FLMR" is read inside the Process Statement but isn't in the Process Statement's sensitivity list
Warning (10492): VHDL Process Statement warning at ControlUnit.vhd(176): signal "HP" is read inside the Process Statement but isn't in the Process Statement's sensitivity list
Warning (10492): VHDL Process Statement warning at ControlUnit.vhd(178): signal "FFMR" is read inside the Process Statement but isn't in the Process Statement's sensitivity list
Warning (10492): VHDL Process Statement warning at ControlUnit.vhd(185): signal "HP" is read inside the Process Statement but isn't in the Process Statement's sensitivity list
Warning (10492): VHDL Process Statement warning at ControlUnit.vhd(185): signal "TP" is read inside the Process Statement but isn't in the Process Statement's sensitivity list
Warning (10492): VHDL Process Statement warning at ControlUnit.vhd(189): signal "IRQ" is read inside the Process Statement but isn't in the Process Statement's sensitivity list
Warning (10492): VHDL Process Statement warning at ControlUnit.vhd(189): signal "ld_dprr_done" is read inside the Process Statement but isn't in the Process Statement's sensitivity list
Warning (10492): VHDL Process Statement warning at ControlUnit.vhd(198): signal "AM" is read inside the Process Statement but isn't in the Process Statement's sensitivity list
Warning (10492): VHDL Process Statement warning at ControlUnit.vhd(215): signal "OPCODE" is read inside the Process Statement but isn't in the Process Statement's sensitivity list
Warning (10492): VHDL Process Statement warning at ControlUnit.vhd(225): signal "AM" is read inside the Process Statement but isn't in the Process Statement's sensitivity list
Warning (10492): VHDL Process Statement warning at ControlUnit.vhd(227): signal "OPCODE" is read inside the Process Statement but isn't in the Process Statement's sensitivity list
Warning (10492): VHDL Process Statement warning at ControlUnit.vhd(241): signal "RZ" is read inside the Process Statement but isn't in the Process Statement's sensitivity list
Warning (10492): VHDL Process Statement warning at ControlUnit.vhd(247): signal "OPCODE" is read inside the Process Statement but isn't in the Process Statement's sensitivity list
Warning (10492): VHDL Process Statement warning at ControlUnit.vhd(250): signal "RX" is read inside the Process Statement but isn't in the Process Statement's sensitivity list
Warning (10492): VHDL Process Statement warning at ControlUnit.vhd(254): signal "RZ" is read inside the Process Statement but isn't in the Process Statement's sensitivity list
Warning (10492): VHDL Process Statement warning at ControlUnit.vhd(258): signal "RX" is read inside the Process Statement but isn't in the Process Statement's sensitivity list
Warning (10492): VHDL Process Statement warning at ControlUnit.vhd(262): signal "RZ" is read inside the Process Statement but isn't in the Process Statement's sensitivity list
Warning (10492): VHDL Process Statement warning at ControlUnit.vhd(266): signal "RX" is read inside the Process Statement but isn't in the Process Statement's sensitivity list
Warning (10492): VHDL Process Statement warning at ControlUnit.vhd(270): signal "RZ" is read inside the Process Statement but isn't in the Process Statement's sensitivity list
Warning (10492): VHDL Process Statement warning at ControlUnit.vhd(274): signal "RX" is read inside the Process Statement but isn't in the Process Statement's sensitivity list
Warning (10492): VHDL Process Statement warning at ControlUnit.vhd(278): signal "RZ" is read inside the Process Statement but isn't in the Process Statement's sensitivity list
Warning (10492): VHDL Process Statement warning at ControlUnit.vhd(282): signal "RX" is read inside the Process Statement but isn't in the Process Statement's sensitivity list
Warning (10492): VHDL Process Statement warning at ControlUnit.vhd(287): signal "RZ" is read inside the Process Statement but isn't in the Process Statement's sensitivity list
Warning (10492): VHDL Process Statement warning at ControlUnit.vhd(298): signal "zout" is read inside the Process Statement but isn't in the Process Statement's sensitivity list
Warning (10492): VHDL Process Statement warning at ControlUnit.vhd(307): signal "zout" is read inside the Process Statement but isn't in the Process Statement's sensitivity list
Warning (10492): VHDL Process Statement warning at ControlUnit.vhd(312): signal "RX" is read inside the Process Statement but isn't in the Process Statement's sensitivity list
Warning (10492): VHDL Process Statement warning at ControlUnit.vhd(316): signal "RZ" is read inside the Process Statement but isn't in the Process Statement's sensitivity list
Warning (10492): VHDL Process Statement warning at ControlUnit.vhd(321): signal "OPCODE" is read inside the Process Statement but isn't in the Process Statement's sensitivity list
Warning (10492): VHDL Process Statement warning at ControlUnit.vhd(325): signal "RZ" is read inside the Process Statement but isn't in the Process Statement's sensitivity list
Warning (10492): VHDL Process Statement warning at ControlUnit.vhd(338): signal "OPCODE" is read inside the Process Statement but isn't in the Process Statement's sensitivity list
Warning (10492): VHDL Process Statement warning at ControlUnit.vhd(341): signal "RX" is read inside the Process Statement but isn't in the Process Statement's sensitivity list
Warning (10492): VHDL Process Statement warning at ControlUnit.vhd(342): signal "RZ" is read inside the Process Statement but isn't in the Process Statement's sensitivity list
Warning (10492): VHDL Process Statement warning at ControlUnit.vhd(346): signal "RZ" is read inside the Process Statement but isn't in the Process Statement's sensitivity list
Warning (10492): VHDL Process Statement warning at ControlUnit.vhd(350): signal "RX" is read inside the Process Statement but isn't in the Process Statement's sensitivity list
Warning (10492): VHDL Process Statement warning at ControlUnit.vhd(351): signal "RZ" is read inside the Process Statement but isn't in the Process Statement's sensitivity list
Warning (10492): VHDL Process Statement warning at ControlUnit.vhd(355): signal "RZ" is read inside the Process Statement but isn't in the Process Statement's sensitivity list
Warning (10492): VHDL Process Statement warning at ControlUnit.vhd(359): signal "RX" is read inside the Process Statement but isn't in the Process Statement's sensitivity list
Warning (10492): VHDL Process Statement warning at ControlUnit.vhd(360): signal "RZ" is read inside the Process Statement but isn't in the Process Statement's sensitivity list
Warning (10492): VHDL Process Statement warning at ControlUnit.vhd(364): signal "RZ" is read inside the Process Statement but isn't in the Process Statement's sensitivity list
Warning (10492): VHDL Process Statement warning at ControlUnit.vhd(367): signal "RX" is read inside the Process Statement but isn't in the Process Statement's sensitivity list
Warning (10492): VHDL Process Statement warning at ControlUnit.vhd(369): signal "RZ" is read inside the Process Statement but isn't in the Process Statement's sensitivity list
Warning (10492): VHDL Process Statement warning at ControlUnit.vhd(372): signal "RX" is read inside the Process Statement but isn't in the Process Statement's sensitivity list
Warning (10492): VHDL Process Statement warning at ControlUnit.vhd(377): signal "RX" is read inside the Process Statement but isn't in the Process Statement's sensitivity list
Warning (10492): VHDL Process Statement warning at ControlUnit.vhd(386): signal "RZ" is read inside the Process Statement but isn't in the Process Statement's sensitivity list
Warning (10492): VHDL Process Statement warning at ControlUnit.vhd(389): signal "RX" is read inside the Process Statement but isn't in the Process Statement's sensitivity list
Warning (10492): VHDL Process Statement warning at ControlUnit.vhd(396): signal "RX" is read inside the Process Statement but isn't in the Process Statement's sensitivity list
Warning (10631): VHDL Process Statement warning at ControlUnit.vhd(132): inferring latch(es) for signal or variable "wr_en", which holds its previous value in one or more paths through the process
Warning (10631): VHDL Process Statement warning at ControlUnit.vhd(132): inferring latch(es) for signal or variable "ld_IR", which holds its previous value in one or more paths through the process
Warning (10631): VHDL Process Statement warning at ControlUnit.vhd(132): inferring latch(es) for signal or variable "PC_reg_ld", which holds its previous value in one or more paths through the process
Warning (10631): VHDL Process Statement warning at ControlUnit.vhd(132): inferring latch(es) for signal or variable "ER_Ld_Reg", which holds its previous value in one or more paths through the process
Warning (10631): VHDL Process Statement warning at ControlUnit.vhd(132): inferring latch(es) for signal or variable "SIP_Ld_Reg", which holds its previous value in one or more paths through the process
Warning (10631): VHDL Process Statement warning at ControlUnit.vhd(132): inferring latch(es) for signal or variable "SVOP_Ld_Reg", which holds its previous value in one or more paths through the process
Warning (10631): VHDL Process Statement warning at ControlUnit.vhd(132): inferring latch(es) for signal or variable "SOP_Ld_Reg", which holds its previous value in one or more paths through the process
Warning (10631): VHDL Process Statement warning at ControlUnit.vhd(132): inferring latch(es) for signal or variable "clrz", which holds its previous value in one or more paths through the process
Warning (10631): VHDL Process Statement warning at ControlUnit.vhd(132): inferring latch(es) for signal or variable "clrer", which holds its previous value in one or more paths through the process
Warning (10631): VHDL Process Statement warning at ControlUnit.vhd(132): inferring latch(es) for signal or variable "clreot", which holds its previous value in one or more paths through the process
Warning (10631): VHDL Process Statement warning at ControlUnit.vhd(132): inferring latch(es) for signal or variable "seteot", which holds its previous value in one or more paths through the process
Warning (10631): VHDL Process Statement warning at ControlUnit.vhd(132): inferring latch(es) for signal or variable "data_write", which holds its previous value in one or more paths through the process
Warning (10631): VHDL Process Statement warning at ControlUnit.vhd(132): inferring latch(es) for signal or variable "CLR_IRQ", which holds its previous value in one or more paths through the process
Warning (10631): VHDL Process Statement warning at ControlUnit.vhd(132): inferring latch(es) for signal or variable "HP", which holds its previous value in one or more paths through the process
Warning (10631): VHDL Process Statement warning at ControlUnit.vhd(132): inferring latch(es) for signal or variable "DPC", which holds its previous value in one or more paths through the process
Warning (10631): VHDL Process Statement warning at ControlUnit.vhd(132): inferring latch(es) for signal or variable "IRQ", which holds its previous value in one or more paths through the process
Warning (10631): VHDL Process Statement warning at ControlUnit.vhd(132): inferring latch(es) for signal or variable "ld_dprr_done", which holds its previous value in one or more paths through the process
Warning (10631): VHDL Process Statement warning at ControlUnit.vhd(132): inferring latch(es) for signal or variable "mux_PC_sel", which holds its previous value in one or more paths through the process
Warning (10631): VHDL Process Statement warning at ControlUnit.vhd(132): inferring latch(es) for signal or variable "alu_op", which holds its previous value in one or more paths through the process
Warning (10631): VHDL Process Statement warning at ControlUnit.vhd(132): inferring latch(es) for signal or variable "sel_x", which holds its previous value in one or more paths through the process
Warning (10631): VHDL Process Statement warning at ControlUnit.vhd(132): inferring latch(es) for signal or variable "sel_z", which holds its previous value in one or more paths through the process
Warning (10631): VHDL Process Statement warning at ControlUnit.vhd(132): inferring latch(es) for signal or variable "mux_A_sel", which holds its previous value in one or more paths through the process
Warning (10631): VHDL Process Statement warning at ControlUnit.vhd(132): inferring latch(es) for signal or variable "mux_B_sel", which holds its previous value in one or more paths through the process
Warning (10631): VHDL Process Statement warning at ControlUnit.vhd(132): inferring latch(es) for signal or variable "mux_RF_sel", which holds its previous value in one or more paths through the process
Warning (10631): VHDL Process Statement warning at ControlUnit.vhd(132): inferring latch(es) for signal or variable "wr_dest", which holds its previous value in one or more paths through the process
Warning (10631): VHDL Process Statement warning at ControlUnit.vhd(132): inferring latch(es) for signal or variable "mux_DMW_sel", which holds its previous value in one or more paths through the process
Warning (10631): VHDL Process Statement warning at ControlUnit.vhd(132): inferring latch(es) for signal or variable "mux_DM_Data_sel", which holds its previous value in one or more paths through the process
Warning (10631): VHDL Process Statement warning at ControlUnit.vhd(132): inferring latch(es) for signal or variable "mux_DMR_sel", which holds its previous value in one or more paths through the process
Info (10041): Inferred latch for "mux_DMR_sel" at ControlUnit.vhd(132)
Info (10041): Inferred latch for "mux_DM_Data_sel[0]" at ControlUnit.vhd(132)
Info (10041): Inferred latch for "mux_DM_Data_sel[1]" at ControlUnit.vhd(132)
Info (10041): Inferred latch for "mux_DMW_sel" at ControlUnit.vhd(132)
Info (10041): Inferred latch for "wr_dest[0]" at ControlUnit.vhd(132)
Info (10041): Inferred latch for "wr_dest[1]" at ControlUnit.vhd(132)
Info (10041): Inferred latch for "wr_dest[2]" at ControlUnit.vhd(132)
Info (10041): Inferred latch for "wr_dest[3]" at ControlUnit.vhd(132)
Info (10041): Inferred latch for "mux_RF_sel[0]" at ControlUnit.vhd(132)
Info (10041): Inferred latch for "mux_RF_sel[1]" at ControlUnit.vhd(132)
Info (10041): Inferred latch for "mux_RF_sel[2]" at ControlUnit.vhd(132)
Info (10041): Inferred latch for "mux_B_sel" at ControlUnit.vhd(132)
Info (10041): Inferred latch for "mux_A_sel[0]" at ControlUnit.vhd(132)
Info (10041): Inferred latch for "mux_A_sel[1]" at ControlUnit.vhd(132)
Info (10041): Inferred latch for "sel_z[0]" at ControlUnit.vhd(132)
Info (10041): Inferred latch for "sel_z[1]" at ControlUnit.vhd(132)
Info (10041): Inferred latch for "sel_z[2]" at ControlUnit.vhd(132)
Info (10041): Inferred latch for "sel_z[3]" at ControlUnit.vhd(132)
Info (10041): Inferred latch for "sel_x[0]" at ControlUnit.vhd(132)
Info (10041): Inferred latch for "sel_x[1]" at ControlUnit.vhd(132)
Info (10041): Inferred latch for "sel_x[2]" at ControlUnit.vhd(132)
Info (10041): Inferred latch for "sel_x[3]" at ControlUnit.vhd(132)
Info (10041): Inferred latch for "alu_op[0]" at ControlUnit.vhd(132)
Info (10041): Inferred latch for "alu_op[1]" at ControlUnit.vhd(132)
Info (10041): Inferred latch for "mux_PC_sel[0]" at ControlUnit.vhd(132)
Info (10041): Inferred latch for "mux_PC_sel[1]" at ControlUnit.vhd(132)
Info (10041): Inferred latch for "ld_dprr_done" at ControlUnit.vhd(132)
Info (10041): Inferred latch for "IRQ" at ControlUnit.vhd(132)
Info (10041): Inferred latch for "DPC" at ControlUnit.vhd(132)
Info (10041): Inferred latch for "HP[0]" at ControlUnit.vhd(132)
Info (10041): Inferred latch for "HP[1]" at ControlUnit.vhd(132)
Info (10041): Inferred latch for "HP[2]" at ControlUnit.vhd(132)
Info (10041): Inferred latch for "HP[3]" at ControlUnit.vhd(132)
Info (10041): Inferred latch for "HP[4]" at ControlUnit.vhd(132)
Info (10041): Inferred latch for "HP[5]" at ControlUnit.vhd(132)
Info (10041): Inferred latch for "HP[6]" at ControlUnit.vhd(132)
Info (10041): Inferred latch for "HP[7]" at ControlUnit.vhd(132)
Info (10041): Inferred latch for "HP[8]" at ControlUnit.vhd(132)
Info (10041): Inferred latch for "HP[9]" at ControlUnit.vhd(132)
Info (10041): Inferred latch for "HP[10]" at ControlUnit.vhd(132)
Info (10041): Inferred latch for "HP[11]" at ControlUnit.vhd(132)
Info (10041): Inferred latch for "HP[12]" at ControlUnit.vhd(132)
Info (10041): Inferred latch for "HP[13]" at ControlUnit.vhd(132)
Info (10041): Inferred latch for "HP[14]" at ControlUnit.vhd(132)
Info (10041): Inferred latch for "HP[15]" at ControlUnit.vhd(132)
Info (10041): Inferred latch for "CLR_IRQ" at ControlUnit.vhd(132)
Info (10041): Inferred latch for "data_write" at ControlUnit.vhd(132)
Info (10041): Inferred latch for "seteot" at ControlUnit.vhd(132)
Info (10041): Inferred latch for "clreot" at ControlUnit.vhd(132)
Info (10041): Inferred latch for "clrer" at ControlUnit.vhd(132)
Info (10041): Inferred latch for "clrz" at ControlUnit.vhd(132)
Info (10041): Inferred latch for "SOP_Ld_Reg" at ControlUnit.vhd(132)
Info (10041): Inferred latch for "SVOP_Ld_Reg" at ControlUnit.vhd(132)
Info (10041): Inferred latch for "SIP_Ld_Reg" at ControlUnit.vhd(132)
Info (10041): Inferred latch for "ER_Ld_Reg" at ControlUnit.vhd(132)
Info (10041): Inferred latch for "PC_reg_ld" at ControlUnit.vhd(132)
Info (10041): Inferred latch for "ld_IR" at ControlUnit.vhd(132)
Info (10041): Inferred latch for "wr_en" at ControlUnit.vhd(132)
Warning (14025): LATCH primitive "CONTROLUNIT:inst1|mux_A_sel[0]" is permanently disabled
Warning (14025): LATCH primitive "CONTROLUNIT:inst1|mux_A_sel[1]" is permanently disabled
Warning (14025): LATCH primitive "CONTROLUNIT:inst1|mux_RF_sel[0]" is permanently disabled
Warning (14025): LATCH primitive "CONTROLUNIT:inst1|mux_RF_sel[1]" is permanently disabled
Warning (14025): LATCH primitive "CONTROLUNIT:inst1|mux_RF_sel[2]" is permanently disabled
Warning (14025): LATCH primitive "CONTROLUNIT:inst1|alu_op[0]" is permanently disabled
Warning (14025): LATCH primitive "CONTROLUNIT:inst1|alu_op[1]" is permanently disabled
Warning (14284): Synthesized away the following node(s):
    Warning (14285): Synthesized away the following RAM node(s):
        Warning (14320): Synthesized away node "Datapath:inst|RF:b2v_RF_inst|altsyncram:DATA_MEM[0][15]__2|altsyncram_e0h1:auto_generated|q_b[0]"
        Warning (14320): Synthesized away node "Datapath:inst|RF:b2v_RF_inst|altsyncram:DATA_MEM[0][15]__2|altsyncram_e0h1:auto_generated|q_b[1]"
        Warning (14320): Synthesized away node "Datapath:inst|RF:b2v_RF_inst|altsyncram:DATA_MEM[0][15]__2|altsyncram_e0h1:auto_generated|q_b[2]"
        Warning (14320): Synthesized away node "Datapath:inst|RF:b2v_RF_inst|altsyncram:DATA_MEM[0][15]__2|altsyncram_e0h1:auto_generated|q_b[3]"
        Warning (14320): Synthesized away node "Datapath:inst|RF:b2v_RF_inst|altsyncram:DATA_MEM[0][15]__2|altsyncram_e0h1:auto_generated|q_b[4]"
        Warning (14320): Synthesized away node "Datapath:inst|RF:b2v_RF_inst|altsyncram:DATA_MEM[0][15]__2|altsyncram_e0h1:auto_generated|q_b[5]"
        Warning (14320): Synthesized away node "Datapath:inst|RF:b2v_RF_inst|altsyncram:DATA_MEM[0][15]__2|altsyncram_e0h1:auto_generated|q_b[6]"
        Warning (14320): Synthesized away node "Datapath:inst|RF:b2v_RF_inst|altsyncram:DATA_MEM[0][15]__2|altsyncram_e0h1:auto_generated|q_b[7]"
        Warning (14320): Synthesized away node "Datapath:inst|RF:b2v_RF_inst|altsyncram:DATA_MEM[0][15]__2|altsyncram_e0h1:auto_generated|q_b[8]"
        Warning (14320): Synthesized away node "Datapath:inst|RF:b2v_RF_inst|altsyncram:DATA_MEM[0][15]__2|altsyncram_e0h1:auto_generated|q_b[9]"
        Warning (14320): Synthesized away node "Datapath:inst|RF:b2v_RF_inst|altsyncram:DATA_MEM[0][15]__2|altsyncram_e0h1:auto_generated|q_b[10]"
        Warning (14320): Synthesized away node "Datapath:inst|RF:b2v_RF_inst|altsyncram:DATA_MEM[0][15]__2|altsyncram_e0h1:auto_generated|q_b[11]"
        Warning (14320): Synthesized away node "Datapath:inst|RF:b2v_RF_inst|altsyncram:DATA_MEM[0][15]__2|altsyncram_e0h1:auto_generated|q_b[12]"
        Warning (14320): Synthesized away node "Datapath:inst|RF:b2v_RF_inst|altsyncram:DATA_MEM[0][15]__2|altsyncram_e0h1:auto_generated|q_b[13]"
        Warning (14320): Synthesized away node "Datapath:inst|RF:b2v_RF_inst|altsyncram:DATA_MEM[0][15]__2|altsyncram_e0h1:auto_generated|q_b[14]"
        Warning (14320): Synthesized away node "Datapath:inst|RF:b2v_RF_inst|altsyncram:DATA_MEM[0][15]__2|altsyncram_e0h1:auto_generated|q_b[15]"
        Warning (14320): Synthesized away node "Datapath:inst|RF:b2v_RF_inst|altsyncram:DATA_MEM[0][15]__1|altsyncram_e0h1:auto_generated|q_b[0]"
        Warning (14320): Synthesized away node "Datapath:inst|RF:b2v_RF_inst|altsyncram:DATA_MEM[0][15]__1|altsyncram_e0h1:auto_generated|q_b[1]"
        Warning (14320): Synthesized away node "Datapath:inst|RF:b2v_RF_inst|altsyncram:DATA_MEM[0][15]__1|altsyncram_e0h1:auto_generated|q_b[2]"
        Warning (14320): Synthesized away node "Datapath:inst|RF:b2v_RF_inst|altsyncram:DATA_MEM[0][15]__1|altsyncram_e0h1:auto_generated|q_b[3]"
        Warning (14320): Synthesized away node "Datapath:inst|RF:b2v_RF_inst|altsyncram:DATA_MEM[0][15]__1|altsyncram_e0h1:auto_generated|q_b[4]"
        Warning (14320): Synthesized away node "Datapath:inst|RF:b2v_RF_inst|altsyncram:DATA_MEM[0][15]__1|altsyncram_e0h1:auto_generated|q_b[5]"
        Warning (14320): Synthesized away node "Datapath:inst|RF:b2v_RF_inst|altsyncram:DATA_MEM[0][15]__1|altsyncram_e0h1:auto_generated|q_b[6]"
        Warning (14320): Synthesized away node "Datapath:inst|RF:b2v_RF_inst|altsyncram:DATA_MEM[0][15]__1|altsyncram_e0h1:auto_generated|q_b[7]"
        Warning (14320): Synthesized away node "Datapath:inst|RF:b2v_RF_inst|altsyncram:DATA_MEM[0][15]__1|altsyncram_e0h1:auto_generated|q_b[8]"
        Warning (14320): Synthesized away node "Datapath:inst|RF:b2v_RF_inst|altsyncram:DATA_MEM[0][15]__1|altsyncram_e0h1:auto_generated|q_b[9]"
        Warning (14320): Synthesized away node "Datapath:inst|RF:b2v_RF_inst|altsyncram:DATA_MEM[0][15]__1|altsyncram_e0h1:auto_generated|q_b[10]"
        Warning (14320): Synthesized away node "Datapath:inst|RF:b2v_RF_inst|altsyncram:DATA_MEM[0][15]__1|altsyncram_e0h1:auto_generated|q_b[11]"
        Warning (14320): Synthesized away node "Datapath:inst|RF:b2v_RF_inst|altsyncram:DATA_MEM[0][15]__1|altsyncram_e0h1:auto_generated|q_b[12]"
        Warning (14320): Synthesized away node "Datapath:inst|RF:b2v_RF_inst|altsyncram:DATA_MEM[0][15]__1|altsyncram_e0h1:auto_generated|q_b[13]"
        Warning (14320): Synthesized away node "Datapath:inst|RF:b2v_RF_inst|altsyncram:DATA_MEM[0][15]__1|altsyncram_e0h1:auto_generated|q_b[14]"
        Warning (14320): Synthesized away node "Datapath:inst|RF:b2v_RF_inst|altsyncram:DATA_MEM[0][15]__1|altsyncram_e0h1:auto_generated|q_b[15]"
Error (12061): Can't synthesize current design -- Top partition does not contain any logic
Warning (12241): 1 hierarchies have connectivity warnings - see the Connectivity Checks report folder
Error: Quartus II 32-bit Analysis & Synthesis was unsuccessful. 1 error, 134 warnings
    Error: Peak virtual memory: 385 megabytes
    Error: Processing ended: Wed May 06 12:15:45 2015
    Error: Elapsed time: 00:00:09
    Error: Total CPU time (on all processors): 00:00:08


